0 info it worked if it ends with ok
1 verbose cli [ 'C:\\Program Files\\nodejs\\node.exe',
1 verbose cli   'C:\\Program Files\\nodejs\\node_modules\\npm\\bin\\npm-cli.js',
1 verbose cli   'install',
1 verbose cli   'https://github.com/EddyVerbruggen/Toast-PhoneGap-Plugin.git',
1 verbose cli   '--production',
1 verbose cli   '--save' ]
2 info using npm@3.10.10
3 info using node@v6.11.0
4 silly loadCurrentTree Starting
5 silly install loadCurrentTree
6 silly install readLocalPackageData
7 silly fetchPackageMetaData https://github.com/EddyVerbruggen/Toast-PhoneGap-Plugin.git
8 silly fetchOtherPackageData https://github.com/EddyVerbruggen/Toast-PhoneGap-Plugin.git
9 silly cache add args [ 'https://github.com/EddyVerbruggen/Toast-PhoneGap-Plugin.git',
9 silly cache add   null ]
10 verbose cache add spec https://github.com/EddyVerbruggen/Toast-PhoneGap-Plugin.git
11 silly cache add parsed spec Result {
11 silly cache add   raw: 'https://github.com/EddyVerbruggen/Toast-PhoneGap-Plugin.git',
11 silly cache add   scope: null,
11 silly cache add   escapedName: null,
11 silly cache add   name: null,
11 silly cache add   rawSpec: 'https://github.com/EddyVerbruggen/Toast-PhoneGap-Plugin.git',
11 silly cache add   spec: 'git+https://github.com/EddyVerbruggen/Toast-PhoneGap-Plugin.git',
11 silly cache add   type: 'hosted',
11 silly cache add   hosted:
11 silly cache add    { type: 'github',
11 silly cache add      ssh: 'git@github.com:EddyVerbruggen/Toast-PhoneGap-Plugin.git',
11 silly cache add      sshUrl: 'git+ssh://git@github.com/EddyVerbruggen/Toast-PhoneGap-Plugin.git',
11 silly cache add      httpsUrl: 'git+https://github.com/EddyVerbruggen/Toast-PhoneGap-Plugin.git',
11 silly cache add      gitUrl: 'git://github.com/EddyVerbruggen/Toast-PhoneGap-Plugin.git',
11 silly cache add      shortcut: 'github:EddyVerbruggen/Toast-PhoneGap-Plugin',
11 silly cache add      directUrl: 'https://raw.githubusercontent.com/EddyVerbruggen/Toast-PhoneGap-Plugin/master/package.json' } }
12 verbose addRemoteGit caching https://github.com/EddyVerbruggen/Toast-PhoneGap-Plugin.git
13 verbose addRemoteGit git+https://github.com/EddyVerbruggen/Toast-PhoneGap-Plugin.git is a repository hosted by github
14 silly tryClone cloning git+https://github.com/EddyVerbruggen/Toast-PhoneGap-Plugin.git via git+https://github.com/EddyVerbruggen/Toast-PhoneGap-Plugin.git
15 verbose tryClone git-https-github-com-EddyVerbruggen-Toast-PhoneGap-Plugin-git-3ed6ea7d not in flight; caching
16 verbose correctMkdir C:\Users\wangshizhan\AppData\Roaming\npm-cache\_git-remotes correctMkdir not in flight; initializing
17 warn addRemoteGit Error: not found: git
17 warn addRemoteGit     at getNotFoundError (C:\Program Files\nodejs\node_modules\npm\node_modules\which\which.js:14:12)
17 warn addRemoteGit     at F (C:\Program Files\nodejs\node_modules\npm\node_modules\which\which.js:69:19)
17 warn addRemoteGit     at E (C:\Program Files\nodejs\node_modules\npm\node_modules\which\which.js:81:29)
17 warn addRemoteGit     at C:\Program Files\nodejs\node_modules\npm\node_modules\which\which.js:90:16
17 warn addRemoteGit     at C:\Program Files\nodejs\node_modules\npm\node_modules\which\node_modules\isexe\index.js:44:5
17 warn addRemoteGit     at C:\Program Files\nodejs\node_modules\npm\node_modules\which\node_modules\isexe\windows.js:29:5
17 warn addRemoteGit     at C:\Program Files\nodejs\node_modules\npm\node_modules\graceful-fs\polyfills.js:264:29
17 warn addRemoteGit     at FSReqWrap.oncomplete (fs.js:123:15)
17 warn addRemoteGit  git+https://github.com/EddyVerbruggen/Toast-PhoneGap-Plugin.git resetting remote C:\Users\wangshizhan\AppData\Roaming\npm-cache\_git-remotes\git-https-github-com-EddyVerbruggen-Toast-PhoneGap-Plugin-git-3ed6ea7d because of error: { Error: not found: git
17 warn addRemoteGit     at getNotFoundError (C:\Program Files\nodejs\node_modules\npm\node_modules\which\which.js:14:12)
17 warn addRemoteGit     at F (C:\Program Files\nodejs\node_modules\npm\node_modules\which\which.js:69:19)
17 warn addRemoteGit     at E (C:\Program Files\nodejs\node_modules\npm\node_modules\which\which.js:81:29)
17 warn addRemoteGit     at C:\Program Files\nodejs\node_modules\npm\node_modules\which\which.js:90:16
17 warn addRemoteGit     at C:\Program Files\nodejs\node_modules\npm\node_modules\which\node_modules\isexe\index.js:44:5
17 warn addRemoteGit     at C:\Program Files\nodejs\node_modules\npm\node_modules\which\node_modules\isexe\windows.js:29:5
17 warn addRemoteGit     at C:\Program Files\nodejs\node_modules\npm\node_modules\graceful-fs\polyfills.js:264:29
17 warn addRemoteGit     at FSReqWrap.oncomplete (fs.js:123:15) code: 'ENOGIT' }
18 info resetRemote resetting C:\Users\wangshizhan\AppData\Roaming\npm-cache\_git-remotes\git-https-github-com-EddyVerbruggen-Toast-PhoneGap-Plugin-git-3ed6ea7d for git+https://github.com/EddyVerbruggen/Toast-PhoneGap-Plugin.git
19 silly gentlyRm C:\Users\wangshizhan\AppData\Roaming\npm-cache\_git-remotes\git-https-github-com-EddyVerbruggen-Toast-PhoneGap-Plugin-git-3ed6ea7d is being purged
20 verbose gentlyRm don't care about contents; nuking C:\Users\wangshizhan\AppData\Roaming\npm-cache\_git-remotes\git-https-github-com-EddyVerbruggen-Toast-PhoneGap-Plugin-git-3ed6ea7d
21 silly vacuum-fs purging C:\Users\wangshizhan\AppData\Roaming\npm-cache\_git-remotes\git-https-github-com-EddyVerbruggen-Toast-PhoneGap-Plugin-git-3ed6ea7d
22 silly vacuum-fs quitting because other entries in C:\Users\wangshizhan\AppData\Roaming\npm-cache\_git-remotes
23 error git clone --template=C:\Users\wangshizhan\AppData\Roaming\npm-cache\_git-remotes\_templates --mirror https://github.com/EddyVerbruggen/Toast-PhoneGap-Plugin.git C:\Users\wangshizhan\AppData\Roaming\npm-cache\_git-remotes\git-https-github-com-EddyVerbruggen-Toast-PhoneGap-Plugin-git-3ed6ea7d: undefined
23 error git clone --template=C:\Users\wangshizhan\AppData\Roaming\npm-cache\_git-remotes\_templates --mirror https://github.com/EddyVerbruggen/Toast-PhoneGap-Plugin.git C:\Users\wangshizhan\AppData\Roaming\npm-cache\_git-remotes\git-https-github-com-EddyVerbruggen-Toast-PhoneGap-Plugin-git-3ed6ea7d: undefined
24 silly fetchPackageMetaData Error: not found: git
24 silly fetchPackageMetaData     at getNotFoundError (C:\Program Files\nodejs\node_modules\npm\node_modules\which\which.js:14:12)
24 silly fetchPackageMetaData     at F (C:\Program Files\nodejs\node_modules\npm\node_modules\which\which.js:69:19)
24 silly fetchPackageMetaData     at E (C:\Program Files\nodejs\node_modules\npm\node_modules\which\which.js:81:29)
24 silly fetchPackageMetaData     at C:\Program Files\nodejs\node_modules\npm\node_modules\which\which.js:90:16
24 silly fetchPackageMetaData     at C:\Program Files\nodejs\node_modules\npm\node_modules\which\node_modules\isexe\index.js:44:5
24 silly fetchPackageMetaData     at C:\Program Files\nodejs\node_modules\npm\node_modules\which\node_modules\isexe\windows.js:29:5
24 silly fetchPackageMetaData     at C:\Program Files\nodejs\node_modules\npm\node_modules\graceful-fs\polyfills.js:264:29
24 silly fetchPackageMetaData     at FSReqWrap.oncomplete (fs.js:123:15)
24 silly fetchPackageMetaData  error for https://github.com/EddyVerbruggen/Toast-PhoneGap-Plugin.git { Error: not found: git
24 silly fetchPackageMetaData     at getNotFoundError (C:\Program Files\nodejs\node_modules\npm\node_modules\which\which.js:14:12)
24 silly fetchPackageMetaData     at F (C:\Program Files\nodejs\node_modules\npm\node_modules\which\which.js:69:19)
24 silly fetchPackageMetaData     at E (C:\Program Files\nodejs\node_modules\npm\node_modules\which\which.js:81:29)
24 silly fetchPackageMetaData     at C:\Program Files\nodejs\node_modules\npm\node_modules\which\which.js:90:16
24 silly fetchPackageMetaData     at C:\Program Files\nodejs\node_modules\npm\node_modules\which\node_modules\isexe\index.js:44:5
24 silly fetchPackageMetaData     at C:\Program Files\nodejs\node_modules\npm\node_modules\which\node_modules\isexe\windows.js:29:5
24 silly fetchPackageMetaData     at C:\Program Files\nodejs\node_modules\npm\node_modules\graceful-fs\polyfills.js:264:29
24 silly fetchPackageMetaData     at FSReqWrap.oncomplete (fs.js:123:15) code: 'ENOGIT' }
25 silly rollbackFailedOptional Starting
26 silly rollbackFailedOptional Finishing
27 silly runTopLevelLifecycles Finishing
28 silly install printInstalled
29 verbose stack Error: not found: git
29 verbose stack     at getNotFoundError (C:\Program Files\nodejs\node_modules\npm\node_modules\which\which.js:14:12)
29 verbose stack     at F (C:\Program Files\nodejs\node_modules\npm\node_modules\which\which.js:69:19)
29 verbose stack     at E (C:\Program Files\nodejs\node_modules\npm\node_modules\which\which.js:81:29)
29 verbose stack     at C:\Program Files\nodejs\node_modules\npm\node_modules\which\which.js:90:16
29 verbose stack     at C:\Program Files\nodejs\node_modules\npm\node_modules\which\node_modules\isexe\index.js:44:5
29 verbose stack     at C:\Program Files\nodejs\node_modules\npm\node_modules\which\node_modules\isexe\windows.js:29:5
29 verbose stack     at C:\Program Files\nodejs\node_modules\npm\node_modules\graceful-fs\polyfills.js:264:29
29 verbose stack     at FSReqWrap.oncomplete (fs.js:123:15)
30 verbose cwd F:\projectExperence\codeSummary\ionicComponent
31 error Windows_NT 10.0.10586
32 error argv "C:\\Program Files\\nodejs\\node.exe" "C:\\Program Files\\nodejs\\node_modules\\npm\\bin\\npm-cli.js" "install" "https://github.com/EddyVerbruggen/Toast-PhoneGap-Plugin.git" "--production" "--save"
33 error node v6.11.0
34 error npm  v3.10.10
35 error code ENOGIT
36 error not found: git
37 error Failed using git.
37 error This is most likely not a problem with npm itself.
37 error Please check if you have git installed and in your PATH.
38 verbose exit [ 1, true ]
